<?xml version="1.0" encoding="UTF-8"?>
<!-- Generated by org.testng.reporters.JUnitReportReporter -->
<testsuite skipped="0" hostname="Nivi" name="com.jupiterproject.testCases.TC_SP" tests="1" failures="0" timestamp="2022-07-11T02:16:31 AWST" time="7.161" errors="0">
  <testcase name="ShoppingTest" time="7.161" classname="com.jupiterproject.testCases.TC_SP"/>
  <system-out/>
</testsuite> <!-- com.jupiterproject.testCases.TC_SP -->
