<?xml version="1.0" encoding="UTF-8"?>
<!-- Generated by org.testng.reporters.JUnitReportReporter -->
<testsuite skipped="0" hostname="Nivi" name="com.jupiterproject.testCases.TC_ContactTest_T1" tests="1" failures="0" timestamp="2022-07-11T10:04:29 AWST" time="37.749" errors="0">
  <testcase name="loginTest" time="37.749" classname="com.jupiterproject.testCases.TC_ContactTest_T1"/>
  <system-out/>
</testsuite> <!-- com.jupiterproject.testCases.TC_ContactTest_T1 -->
